2018-11-24 21:59 +08:00: Error: listen EADDRINUSE :::3000
    at Server.setupListenHandle [as _listen2] (net.js:1286:14)
    at listenInCluster (net.js:1334:12)
    at Server.listen (net.js:1421:7)
    at Application.listen (/Users/tiangang/workspace/xiaochengxu/app_nav_server/node_modules/koa/lib/application.js:65:19)
    at Object.<anonymous> (/Users/tiangang/workspace/xiaochengxu/app_nav_server/bin/www:16:5)
    at Module._compile (internal/modules/cjs/loader.js:688:30)
    at Object.Module._extensions..js (internal/modules/cjs/loader.js:699:10)
    at Module.load (internal/modules/cjs/loader.js:598:32)
    at tryModuleLoad (internal/modules/cjs/loader.js:537:12)
    at Function.Module._load (internal/modules/cjs/loader.js:529:3)
2018-11-24 21:59 +08:00: Error: listen EADDRINUSE :::3000
    at Server.setupListenHandle [as _listen2] (net.js:1286:14)
    at listenInCluster (net.js:1334:12)
    at Server.listen (net.js:1421:7)
    at Application.listen (/Users/tiangang/workspace/xiaochengxu/app_nav_server/node_modules/koa/lib/application.js:65:19)
    at Object.<anonymous> (/Users/tiangang/workspace/xiaochengxu/app_nav_server/bin/www:16:5)
    at Module._compile (internal/modules/cjs/loader.js:688:30)
    at Object.Module._extensions..js (internal/modules/cjs/loader.js:699:10)
    at Module.load (internal/modules/cjs/loader.js:598:32)
    at tryModuleLoad (internal/modules/cjs/loader.js:537:12)
    at Function.Module._load (internal/modules/cjs/loader.js:529:3)
2018-11-24 21:59 +08:00: Error: listen EADDRINUSE :::3000
    at Server.setupListenHandle [as _listen2] (net.js:1286:14)
    at listenInCluster (net.js:1334:12)
    at Server.listen (net.js:1421:7)
    at Application.listen (/Users/tiangang/workspace/xiaochengxu/app_nav_server/node_modules/koa/lib/application.js:65:19)
    at Object.<anonymous> (/Users/tiangang/workspace/xiaochengxu/app_nav_server/bin/www:16:5)
    at Module._compile (internal/modules/cjs/loader.js:688:30)
    at Object.Module._extensions..js (internal/modules/cjs/loader.js:699:10)
    at Module.load (internal/modules/cjs/loader.js:598:32)
    at tryModuleLoad (internal/modules/cjs/loader.js:537:12)
    at Function.Module._load (internal/modules/cjs/loader.js:529:3)
2018-11-24 21:59 +08:00: Error: listen EADDRINUSE :::3000
    at Server.setupListenHandle [as _listen2] (net.js:1286:14)
    at listenInCluster (net.js:1334:12)
    at Server.listen (net.js:1421:7)
    at Application.listen (/Users/tiangang/workspace/xiaochengxu/app_nav_server/node_modules/koa/lib/application.js:65:19)
    at Object.<anonymous> (/Users/tiangang/workspace/xiaochengxu/app_nav_server/bin/www:16:5)
    at Module._compile (internal/modules/cjs/loader.js:688:30)
    at Object.Module._extensions..js (internal/modules/cjs/loader.js:699:10)
    at Module.load (internal/modules/cjs/loader.js:598:32)
    at tryModuleLoad (internal/modules/cjs/loader.js:537:12)
    at Function.Module._load (internal/modules/cjs/loader.js:529:3)
2018-11-24 21:59 +08:00: Error: listen EADDRINUSE :::3000
    at Server.setupListenHandle [as _listen2] (net.js:1286:14)
    at listenInCluster (net.js:1334:12)
    at Server.listen (net.js:1421:7)
    at Application.listen (/Users/tiangang/workspace/xiaochengxu/app_nav_server/node_modules/koa/lib/application.js:65:19)
    at Object.<anonymous> (/Users/tiangang/workspace/xiaochengxu/app_nav_server/bin/www:16:5)
    at Module._compile (internal/modules/cjs/loader.js:688:30)
    at Object.Module._extensions..js (internal/modules/cjs/loader.js:699:10)
    at Module.load (internal/modules/cjs/loader.js:598:32)
    at tryModuleLoad (internal/modules/cjs/loader.js:537:12)
    at Function.Module._load (internal/modules/cjs/loader.js:529:3)
